Using pre-set license
Built from '2020.3/staging' branch; Version is '2020.3.18f1 (a7d1c678663c) revision 10998214'; Using compiler version '192528614'; Build Type 'Release'
OS: 'Windows 10 Pro; OS build 19042.1237; Version 2009; 64bit' Language: 'en' Physical Memory: 3964 MB
BatchMode: 1, IsHumanControllingUs: 0, StartBugReporterOnCrash: 0, Is64bit: 1, IsPro: 0

COMMAND LINE ARGUMENTS:
F:\unity\Editor\Unity.exe
-adb2
-batchMode
-noUpm
-name
AssetImportWorker4
-projectPath
F:/create_game/Projek/Open-Fight-Game/Open Fight
-logFile
Logs/AssetImportWorker4.log
-srvPort
50679
Successfully changed project path to: F:/create_game/Projek/Open-Fight-Game/Open Fight
F:/create_game/Projek/Open-Fight-Game/Open Fight
Using Asset Import Pipeline V2.
Refreshing native plugins compatible for Editor in 75.42 ms, found 2 plugins.
Preloading 0 native plugins for Editor in 0.00 ms.
Initialize engine version: 2020.3.18f1 (a7d1c678663c)
[Subsystems] Discovering subsystems at path F:/unity/Editor/Data/Resources/UnitySubsystems
[Subsystems] Discovering subsystems at path F:/create_game/Projek/Open-Fight-Game/Open Fight/Assets
GfxDevice: creating device client; threaded=0
Direct3D:
    Version:  Direct3D 11.0 [level 11.0]
    Renderer: NVIDIA GeForce 940MX (ID=0x134d)
    Vendor:   
    VRAM:     2010 MB
    Driver:   27.21.14.6109
Initialize mono
Mono path[0] = 'F:/unity/Editor/Data/Managed'
Mono path[1] = 'F:/unity/Editor/Data/MonoBleedingEdge/lib/mono/unityjit'
Mono config path = 'F:/unity/Editor/Data/MonoBleedingEdge/etc'
Using monoOptions --debugger-agent=transport=dt_socket,embedding=1,server=y,suspend=n,address=127.0.0.1:56660
Begin MonoManager ReloadAssembly
Registering precompiled unity dll's ...
Register platform support module: F:/unity/Editor/Data/PlaybackEngines/WindowsStandaloneSupport/UnityEditor.WindowsStandalone.Extensions.dll
Registered in 0.001781 seconds.
Native extension for WindowsStandalone target not found
Refreshing native plugins compatible for Editor in 38.75 ms, found 2 plugins.
Preloading 0 native plugins for Editor in 0.00 ms.
Mono: successfully reloaded assembly
- Completed reload, in  2.071 seconds
Domain Reload Profiling:
	ReloadAssembly (2071ms)
		BeginReloadAssembly (125ms)
			ExecutionOrderSort (0ms)
			DisableScriptedObjects (0ms)
			BackupInstance (0ms)
			ReleaseScriptingObjects (0ms)
			CreateAndSetChildDomain (1ms)
		EndReloadAssembly (1274ms)
			LoadAssemblies (121ms)
			RebuildTransferFunctionScriptingTraits (0ms)
			SetupTypeCache (228ms)
			ReleaseScriptCaches (0ms)
			RebuildScriptCaches (49ms)
			SetupLoadedEditorAssemblies (245ms)
				LogAssemblyErrors (0ms)
				InitializePlatformSupportModulesInManaged (6ms)
				SetLoadedEditorAssemblies (0ms)
				RefreshPlugins (39ms)
				BeforeProcessingInitializeOnLoad (12ms)
				ProcessInitializeOnLoadAttributes (143ms)
				ProcessInitializeOnLoadMethodAttributes (45ms)
				AfterProcessingInitializeOnLoad (0ms)
				EditorAssembliesLoaded (0ms)
			ExecutionOrderSort2 (0ms)
			AwakeInstancesAfterBackupRestoration (0ms)
Platform modules already initialized, skipping
Registering precompiled user dll's ...
Registered in 0.004600 seconds.
Begin MonoManager ReloadAssembly
Native extension for WindowsStandalone target not found
Refreshing native plugins compatible for Editor in 0.48 ms, found 2 plugins.
Preloading 0 native plugins for Editor in 0.00 ms.
Mono: successfully reloaded assembly
- Completed reload, in  4.860 seconds
Domain Reload Profiling:
	ReloadAssembly (4885ms)
		BeginReloadAssembly (454ms)
			ExecutionOrderSort (0ms)
			DisableScriptedObjects (9ms)
			BackupInstance (0ms)
			ReleaseScriptingObjects (0ms)
			CreateAndSetChildDomain (66ms)
		EndReloadAssembly (4272ms)
			LoadAssemblies (1970ms)
			RebuildTransferFunctionScriptingTraits (0ms)
			SetupTypeCache (1255ms)
			ReleaseScriptCaches (1ms)
			RebuildScriptCaches (78ms)
			SetupLoadedEditorAssemblies (840ms)
				LogAssemblyErrors (0ms)
				InitializePlatformSupportModulesInManaged (11ms)
				SetLoadedEditorAssemblies (1ms)
				RefreshPlugins (1ms)
				BeforeProcessingInitializeOnLoad (97ms)
				ProcessInitializeOnLoadAttributes (718ms)
				ProcessInitializeOnLoadMethodAttributes (7ms)
				AfterProcessingInitializeOnLoad (6ms)
				EditorAssembliesLoaded (0ms)
			ExecutionOrderSort2 (0ms)
			AwakeInstancesAfterBackupRestoration (9ms)
Platform modules already initialized, skipping
========================================================================
Worker process is ready to serve import requests
Launched and connected shader compiler UnityShaderCompiler.exe after 0.43 seconds
Refreshing native plugins compatible for Editor in 0.37 ms, found 2 plugins.
Preloading 0 native plugins for Editor in 0.00 ms.
Unloading 1397 Unused Serialized files (Serialized files now loaded: 0)
System memory in use before: 64.8 MB.
System memory in use after: 64.9 MB.

Unloading 16 unused Assets to reduce memory usage. Loaded Objects now: 1832.
Total: 3.772000 ms (FindLiveObjects: 0.369800 ms CreateObjectMapping: 0.250900 ms MarkObjects: 3.066000 ms  DeleteObjects: 0.082900 ms)

AssetImportParameters requested are different than current active one (requested -> active):
  custom:framework-win-MediaFoundation: 216162199b28c13a410421893ffa2e32 -> 
  custom:video-decoder-ogg-theora: a1e56fd34408186e4bbccfd4996cb3dc -> 
  custom:container-muxer-webm: aa71ff27fc2769a1b78a27578f13a17b -> 
  custom:container-demuxer-webm: 4f35f7cbe854078d1ac9338744f61a02 -> 
  custom:container-demuxer-ogg: 62fdf1f143b41e24485cea50d1cbac27 -> 
  custom:video-encoder-webm-vp8: eb34c28f22e8b96e1ab97ce403110664 -> 
  custom:video-decoder-webm-vp8: 9c59270c3fd7afecdb556c50c9e8de78 -> 
  custom:audio-decoder-ogg-vorbis: bf7c407c2cedff20999df2af8eb42d56 -> 
  custom:audio-encoder-webm-vorbis: bf7c407c2cedff20999df2af8eb42d56 -> 
========================================================================
Received Import Request.
  path: Assets/character/robot_animation/robot_animation.controller
  artifactKey: Guid(907ff9b1aa5b79c4eab424bfd0157893) Importer(815301076,1909f56bfc062723c751e8b465ee728b)
Start importing Assets/character/robot_animation/robot_animation.controller using Guid(907ff9b1aa5b79c4eab424bfd0157893) Importer(815301076,1909f56bfc062723c751e8b465ee728b)  -> (artifact id: 'adc4b03bfe65c1e2e4fa5c9ccf8af555') in 1.232539 seconds 
  Import took 1.271183 seconds .

========================================================================
Received Import Request.
  Time since last request: 0.000415 seconds.
  path: Assets/character/robot_animation/animation
  artifactKey: Guid(01ecdf2ace2c6d44494b53c77b909609) Importer(815301076,1909f56bfc062723c751e8b465ee728b)
Start importing Assets/character/robot_animation/animation using Guid(01ecdf2ace2c6d44494b53c77b909609) Importer(815301076,1909f56bfc062723c751e8b465ee728b)  -> (artifact id: '1a08eb8afa4b042b99e0ab1143738765') in 0.080833 seconds 
  Import took 0.167200 seconds .

========================================================================
Received Import Request.
  Time since last request: 108.468329 seconds.
  path: Assets/character/robot_animation
  artifactKey: Guid(1daa1b7f0a356f74e95a7813f324b66e) Importer(815301076,1909f56bfc062723c751e8b465ee728b)
Start importing Assets/character/robot_animation using Guid(1daa1b7f0a356f74e95a7813f324b66e) Importer(815301076,1909f56bfc062723c751e8b465ee728b)  -> (artifact id: '40c60127926a85093e9d1929697f8620') in 0.052260 seconds 
  Import took 0.126529 seconds .

========================================================================
Received Import Request.
  Time since last request: 6.805845 seconds.
  path: Assets/character/robot_animation/animation/knee.anim
  artifactKey: Guid(a78a52869e9c18d4aba4420a0ff8c884) Importer(815301076,1909f56bfc062723c751e8b465ee728b)
Start importing Assets/character/robot_animation/animation/knee.anim using Guid(a78a52869e9c18d4aba4420a0ff8c884) Importer(815301076,1909f56bfc062723c751e8b465ee728b)  -> (artifact id: 'a00b1660f095492f51500eb87e7dc9de') in 0.187275 seconds 
  Import took 0.215552 seconds .

========================================================================
Received Import Request.
  Time since last request: 2.523555 seconds.
  path: Assets/character/robot_animation/animation/head.anim
  artifactKey: Guid(fdd78d16f306d5a4fa8ac539023b3c25) Importer(815301076,1909f56bfc062723c751e8b465ee728b)
Start importing Assets/character/robot_animation/animation/head.anim using Guid(fdd78d16f306d5a4fa8ac539023b3c25) Importer(815301076,1909f56bfc062723c751e8b465ee728b)  -> (artifact id: '3bd0425dd86fd129c5395025e45e4dc7') in 0.127912 seconds 
  Import took 0.131005 seconds .

========================================================================
Received Import Request.
  Time since last request: 2.987475 seconds.
  path: Assets/character/robot_animation/animation/attack1.anim
  artifactKey: Guid(3637057075197754a91ace357296be27) Importer(815301076,1909f56bfc062723c751e8b465ee728b)
Start importing Assets/character/robot_animation/animation/attack1.anim using Guid(3637057075197754a91ace357296be27) Importer(815301076,1909f56bfc062723c751e8b465ee728b)  -> (artifact id: '9e74fdef76be8e5f087c5eb090f27897') in 0.230972 seconds 
  Import took 0.252312 seconds .

